# JRE version: OpenJDK Runtime Environment (8.0_152-b02) (build 1.8.0_152-release-1024-b02)
# Java VM: OpenJDK 64-Bit Server VM (25.152-b02 mixed mode windows-amd64 compressed oops)
Heap:
 PSYoungGen      total 317952K, used 285760K [0x00000000eab00000, 0x00000000ff980000, 0x0000000100000000)
  eden space 295424K, 96% used [0x00000000eab00000,0x00000000fc2103c0,0x00000000fcb80000)
  from space 22528K, 0% used [0x00000000fe380000,0x00000000fe380000,0x00000000ff980000)
  to   space 23552K, 0% used [0x00000000fcb80000,0x00000000fcb80000,0x00000000fe280000)
 ParOldGen       total 384512K, used 37419K [0x00000000c0000000, 0x00000000d7780000, 0x00000000eab00000)
  object space 384512K, 9% used [0x00000000c0000000,0x00000000c248ae38,0x00000000d7780000)
 Metaspace       used 65102K, capacity 69080K, committed 69416K, reserved 1110016K
  class space    used 8256K, capacity 8937K, committed 9008K, reserved 1048576K
GC Heap History (10 events):
Event: 941.572 GC heap before
{Heap before GC invocations=48 (full 11):
 PSYoungGen      total 291328K, used 3600K [0x00000000eab00000, 0x00000000ff980000, 0x0000000100000000)
  eden space 287232K, 0% used [0x00000000eab00000,0x00000000eab00000,0x00000000fc380000)
  from space 4096K, 87% used [0x00000000fc380000,0x00000000fc704010,0x00000000fc780000)
  to   space 27648K, 0% used [0x00000000fde80000,0x00000000fde80000,0x00000000ff980000)
 ParOldGen       total 384512K, used 39963K [0x00000000c0000000, 0x00000000d7780000, 0x00000000eab00000)
  object space 384512K, 10% used [0x00000000c0000000,0x00000000c2706f28,0x00000000d7780000)
 Metaspace       used 63390K, capacity 66184K, committed 66472K, reserved 1107968K
  class space    used 8066K, capacity 8609K, committed 8624K, reserved 1048576K
Event: 941.876 GC heap after
Heap after GC invocations=48 (full 11):
 PSYoungGen      total 291328K, used 0K [0x00000000eab00000, 0x00000000ff980000, 0x0000000100000000)
  eden space 287232K, 0% used [0x00000000eab00000,0x00000000eab00000,0x00000000fc380000)
  from space 4096K, 0% used [0x00000000fc380000,0x00000000fc380000,0x00000000fc780000)
  to   space 27648K, 0% used [0x00000000fde80000,0x00000000fde80000,0x00000000ff980000)
 ParOldGen       total 384512K, used 39884K [0x00000000c0000000, 0x00000000d7780000, 0x00000000eab00000)
  object space 384512K, 10% used [0x00000000c0000000,0x00000000c26f3230,0x00000000d7780000)
 Metaspace       used 63390K, capacity 66184K, committed 66472K, reserved 1107968K
  class space    used 8066K, capacity 8609K, committed 8624K, reserved 1048576K
}
Event: 985.463 GC heap before
{Heap before GC invocations=49 (full 11):
 PSYoungGen      total 291328K, used 287232K [0x00000000eab00000, 0x00000000ff980000, 0x0000000100000000)
  eden space 287232K, 100% used [0x00000000eab00000,0x00000000fc380000,0x00000000fc380000)
  from space 4096K, 0% used [0x00000000fc380000,0x00000000fc380000,0x00000000fc780000)
  to   space 27648K, 0% used [0x00000000fde80000,0x00000000fde80000,0x00000000ff980000)
 ParOldGen       total 384512K, used 39884K [0x00000000c0000000, 0x00000000d7780000, 0x00000000eab00000)
  object space 384512K, 10% used [0x00000000c0000000,0x00000000c26f3230,0x00000000d7780000)
 Metaspace       used 63792K, capacity 66638K, committed 66728K, reserved 1107968K
  class space    used 8077K, capacity 8610K, committed 8624K, reserved 1048576K
Event: 985.481 GC heap after
Heap after GC invocations=49 (full 11):
 PSYoungGen      total 316416K, used 5088K [0x00000000eab00000, 0x0000000100000000, 0x0000000100000000)
  eden space 288768K, 0% used [0x00000000eab00000,0x00000000eab00000,0x00000000fc500000)
  from space 27648K, 18% used [0x00000000fde80000,0x00000000fe378000,0x00000000ff980000)
  to   space 26112K, 0% used [0x00000000fc500000,0x00000000fc500000,0x00000000fde80000)
 ParOldGen       total 384512K, used 39892K [0x00000000c0000000, 0x00000000d7780000, 0x00000000eab00000)
  object space 384512K, 10% used [0x00000000c0000000,0x00000000c26f5230,0x00000000d7780000)
 Metaspace       used 63792K, capacity 66638K, committed 66728K, reserved 1107968K
  class space    used 8077K, capacity 8610K, committed 8624K, reserved 1048576K
}
Event: 1024.588 GC heap before
{Heap before GC invocations=50 (full 11):
 PSYoungGen      total 316416K, used 293856K [0x00000000eab00000, 0x0000000100000000, 0x0000000100000000)
  eden space 288768K, 100% used [0x00000000eab00000,0x00000000fc500000,0x00000000fc500000)
  from space 27648K, 18% used [0x00000000fde80000,0x00000000fe378000,0x00000000ff980000)
  to   space 26112K, 0% used [0x00000000fc500000,0x00000000fc500000,0x00000000fde80000)
 ParOldGen       total 384512K, used 39892K [0x00000000c0000000, 0x00000000d7780000, 0x00000000eab00000)
  object space 384512K, 10% used [0x00000000c0000000,0x00000000c26f5230,0x00000000d7780000)
 Metaspace       used 64923K, capacity 69026K, committed 69160K, reserved 1110016K
  class space    used 8275K, capacity 8976K, committed 9008K, reserved 1048576K
Event: 1024.602 GC heap after
Heap after GC invocations=50 (full 11):
 PSYoungGen      total 314880K, used 4352K [0x00000000eab00000, 0x00000000ffb80000, 0x0000000100000000)
  eden space 288768K, 0% used [0x00000000eab00000,0x00000000eab00000,0x00000000fc500000)
  from space 26112K, 16% used [0x00000000fc500000,0x00000000fc940000,0x00000000fde80000)
  to   space 24576K, 0% used [0x00000000fe380000,0x00000000fe380000,0x00000000ffb80000)
 ParOldGen       total 384512K, used 40248K [0x00000000c0000000, 0x00000000d7780000, 0x00000000eab00000)
  object space 384512K, 10% used [0x00000000c0000000,0x00000000c274e240,0x00000000d7780000)
 Metaspace       used 64923K, capacity 69026K, committed 69160K, reserved 1110016K
  class space    used 8275K, capacity 8976K, committed 9008K, reserved 1048576K
}
Event: 1070.235 GC heap before
{Heap before GC invocations=51 (full 11):
 PSYoungGen      total 314880K, used 221317K [0x00000000eab00000, 0x00000000ffb80000, 0x0000000100000000)
  eden space 288768K, 75% used [0x00000000eab00000,0x00000000f7ee1520,0x00000000fc500000)
  from space 26112K, 16% used [0x00000000fc500000,0x00000000fc940000,0x00000000fde80000)
  to   space 24576K, 0% used [0x00000000fe380000,0x00000000fe380000,0x00000000ffb80000)
 ParOldGen       total 384512K, used 40248K [0x00000000c0000000, 0x00000000d7780000, 0x00000000eab00000)
  object space 384512K, 10% used [0x00000000c0000000,0x00000000c274e240,0x00000000d7780000)
 Metaspace       used 65060K, capacity 69090K, committed 69160K, reserved 1110016K
  class space    used 8276K, capacity 8976K, committed 9008K, reserved 1048576K
Event: 1070.286 GC heap after
Heap after GC invocations=51 (full 11):
 PSYoungGen      total 317952K, used 3520K [0x00000000eab00000, 0x00000000ff980000, 0x0000000100000000)
  eden space 295424K, 0% used [0x00000000eab00000,0x00000000eab00000,0x00000000fcb80000)
  from space 22528K, 15% used [0x00000000fe380000,0x00000000fe6f0000,0x00000000ff980000)
  to   space 23552K, 0% used [0x00000000fcb80000,0x00000000fcb80000,0x00000000fe280000)
 ParOldGen       total 384512K, used 40720K [0x00000000c0000000, 0x00000000d7780000, 0x00000000eab00000)
  object space 384512K, 10% used [0x00000000c0000000,0x00000000c27c4260,0x00000000d7780000)
 Metaspace       used 65060K, capacity 69090K, committed 69160K, reserved 1110016K
  class space    used 8276K, capacity 8976K, committed 9008K, reserved 1048576K
}
Event: 1070.287 GC heap before
{Heap before GC invocations=52 (full 12):
 PSYoungGen      total 317952K, used 3520K [0x00000000eab00000, 0x00000000ff980000, 0x0000000100000000)
  eden space 295424K, 0% used [0x00000000eab00000,0x00000000eab00000,0x00000000fcb80000)
  from space 22528K, 15% used [0x00000000fe380000,0x00000000fe6f0000,0x00000000ff980000)
  to   space 23552K, 0% used [0x00000000fcb80000,0x00000000fcb80000,0x00000000fe280000)
 ParOldGen       total 384512K, used 40720K [0x00000000c0000000, 0x00000000d7780000, 0x00000000eab00000)
  object space 384512K, 10% used [0x00000000c0000000,0x00000000c27c4260,0x00000000d7780000)
 Metaspace       used 65060K, capacity 69090K, committed 69160K, reserved 1110016K
  class space    used 8276K, capacity 8976K, committed 9008K, reserved 1048576K
Event: 1071.131 GC heap after
Heap after GC invocations=52 (full 12):
 PSYoungGen      total 317952K, used 0K [0x00000000eab00000, 0x00000000ff980000, 0x0000000100000000)
  eden space 295424K, 0% used [0x00000000eab00000,0x00000000eab00000,0x00000000fcb80000)
  from space 22528K, 0% used [0x00000000fe380000,0x00000000fe380000,0x00000000ff980000)
  to   space 23552K, 0% used [0x00000000fcb80000,0x00000000fcb80000,0x00000000fe280000)
 ParOldGen       total 384512K, used 37419K [0x00000000c0000000, 0x00000000d7780000, 0x00000000eab00000)
  object space 384512K, 9% used [0x00000000c0000000,0x00000000c248ae38,0x00000000d7780000)
 Metaspace       used 64910K, capacity 68848K, committed 69160K, reserved 1110016K
  class space    used 8251K, capacity 8931K, committed 9008K, reserved 1048576K
}

