# JRE version: OpenJDK Runtime Environment (8.0_152-b02) (build 1.8.0_152-release-1024-b02)
# Java VM: OpenJDK 64-Bit Server VM (25.152-b02 mixed mode windows-amd64 compressed oops)
Heap:
 PSYoungGen      total 142848K, used 56968K [0x00000000eab00000, 0x00000000fa180000, 0x0000000100000000)
  eden space 124928K, 45% used [0x00000000eab00000,0x00000000ee2a2128,0x00000000f2500000)
  from space 17920K, 0% used [0x00000000f2500000,0x00000000f2500000,0x00000000f3680000)
  to   space 26112K, 0% used [0x00000000f8800000,0x00000000f8800000,0x00000000fa180000)
 ParOldGen       total 102912K, used 43943K [0x00000000c0000000, 0x00000000c6480000, 0x00000000eab00000)
  object space 102912K, 42% used [0x00000000c0000000,0x00000000c2ae9cb8,0x00000000c6480000)
 Metaspace       used 7364K, capacity 7736K, committed 7936K, reserved 1056768K
  class space    used 663K, capacity 688K, committed 768K, reserved 1048576K
GC Heap History (10 events):
Event: 8.777 GC heap before
{Heap before GC invocations=7 (full 0):
 PSYoungGen      total 72192K, used 72179K [0x00000000eab00000, 0x00000000efc00000, 0x0000000100000000)
  eden space 64512K, 100% used [0x00000000eab00000,0x00000000eea00000,0x00000000eea00000)
  from space 7680K, 99% used [0x00000000ef280000,0x00000000ef9fce58,0x00000000efa00000)
  to   space 8704K, 0% used [0x00000000eea00000,0x00000000eea00000,0x00000000ef280000)
 ParOldGen       total 44032K, used 14401K [0x00000000c0000000, 0x00000000c2b00000, 0x00000000eab00000)
  object space 44032K, 32% used [0x00000000c0000000,0x00000000c0e10460,0x00000000c2b00000)
 Metaspace       used 6489K, capacity 7192K, committed 7424K, reserved 1056768K
  class space    used 609K, capacity 656K, committed 768K, reserved 1048576K
Event: 8.902 GC heap after
Heap after GC invocations=7 (full 0):
 PSYoungGen      total 73216K, used 8685K [0x00000000eab00000, 0x00000000f4400000, 0x0000000100000000)
  eden space 64512K, 0% used [0x00000000eab00000,0x00000000eab00000,0x00000000eea00000)
  from space 8704K, 99% used [0x00000000eea00000,0x00000000ef27b668,0x00000000ef280000)
  to   space 13824K, 0% used [0x00000000f3680000,0x00000000f3680000,0x00000000f4400000)
 ParOldGen       total 44032K, used 22211K [0x00000000c0000000, 0x00000000c2b00000, 0x00000000eab00000)
  object space 44032K, 50% used [0x00000000c0000000,0x00000000c15b0d88,0x00000000c2b00000)
 Metaspace       used 6489K, capacity 7192K, committed 7424K, reserved 1056768K
  class space    used 609K, capacity 656K, committed 768K, reserved 1048576K
}
Event: 9.905 GC heap before
{Heap before GC invocations=8 (full 0):
 PSYoungGen      total 73216K, used 73197K [0x00000000eab00000, 0x00000000f4400000, 0x0000000100000000)
  eden space 64512K, 100% used [0x00000000eab00000,0x00000000eea00000,0x00000000eea00000)
  from space 8704K, 99% used [0x00000000eea00000,0x00000000ef27b668,0x00000000ef280000)
  to   space 13824K, 0% used [0x00000000f3680000,0x00000000f3680000,0x00000000f4400000)
 ParOldGen       total 44032K, used 22211K [0x00000000c0000000, 0x00000000c2b00000, 0x00000000eab00000)
  object space 44032K, 50% used [0x00000000c0000000,0x00000000c15b0d88,0x00000000c2b00000)
 Metaspace       used 6511K, capacity 7256K, committed 7424K, reserved 1056768K
  class space    used 609K, capacity 656K, committed 768K, reserved 1048576K
Event: 9.979 GC heap after
Heap after GC invocations=8 (full 0):
 PSYoungGen      total 138752K, used 13811K [0x00000000eab00000, 0x00000000f4c00000, 0x0000000100000000)
  eden space 124928K, 0% used [0x00000000eab00000,0x00000000eab00000,0x00000000f2500000)
  from space 13824K, 99% used [0x00000000f3680000,0x00000000f43fcf28,0x00000000f4400000)
  to   space 17920K, 0% used [0x00000000f2500000,0x00000000f2500000,0x00000000f3680000)
 ParOldGen       total 44032K, used 27634K [0x00000000c0000000, 0x00000000c2b00000, 0x00000000eab00000)
  object space 44032K, 62% used [0x00000000c0000000,0x00000000c1afc968,0x00000000c2b00000)
 Metaspace       used 6511K, capacity 7256K, committed 7424K, reserved 1056768K
  class space    used 609K, capacity 656K, committed 768K, reserved 1048576K
}
Event: 11.849 GC heap before
{Heap before GC invocations=9 (full 0):
 PSYoungGen      total 138752K, used 138739K [0x00000000eab00000, 0x00000000f4c00000, 0x0000000100000000)
  eden space 124928K, 100% used [0x00000000eab00000,0x00000000f2500000,0x00000000f2500000)
  from space 13824K, 99% used [0x00000000f3680000,0x00000000f43fcf28,0x00000000f4400000)
  to   space 17920K, 0% used [0x00000000f2500000,0x00000000f2500000,0x00000000f3680000)
 ParOldGen       total 44032K, used 27634K [0x00000000c0000000, 0x00000000c2b00000, 0x00000000eab00000)
  object space 44032K, 62% used [0x00000000c0000000,0x00000000c1afc968,0x00000000c2b00000)
 Metaspace       used 6541K, capacity 7256K, committed 7424K, reserved 1056768K
  class space    used 609K, capacity 656K, committed 768K, reserved 1048576K
Event: 12.047 GC heap after
Heap after GC invocations=9 (full 0):
 PSYoungGen      total 142848K, used 17889K [0x00000000eab00000, 0x00000000fa180000, 0x0000000100000000)
  eden space 124928K, 0% used [0x00000000eab00000,0x00000000eab00000,0x00000000f2500000)
  from space 17920K, 99% used [0x00000000f2500000,0x00000000f3678498,0x00000000f3680000)
  to   space 26112K, 0% used [0x00000000f8800000,0x00000000f8800000,0x00000000fa180000)
 ParOldGen       total 44032K, used 41169K [0x00000000c0000000, 0x00000000c2b00000, 0x00000000eab00000)
  object space 44032K, 93% used [0x00000000c0000000,0x00000000c2834730,0x00000000c2b00000)
 Metaspace       used 6541K, capacity 7256K, committed 7424K, reserved 1056768K
  class space    used 609K, capacity 656K, committed 768K, reserved 1048576K
}
Event: 12.047 GC heap before
{Heap before GC invocations=10 (full 1):
 PSYoungGen      total 142848K, used 17889K [0x00000000eab00000, 0x00000000fa180000, 0x0000000100000000)
  eden space 124928K, 0% used [0x00000000eab00000,0x00000000eab00000,0x00000000f2500000)
  from space 17920K, 99% used [0x00000000f2500000,0x00000000f3678498,0x00000000f3680000)
  to   space 26112K, 0% used [0x00000000f8800000,0x00000000f8800000,0x00000000fa180000)
 ParOldGen       total 44032K, used 41169K [0x00000000c0000000, 0x00000000c2b00000, 0x00000000eab00000)
  object space 44032K, 93% used [0x00000000c0000000,0x00000000c2834730,0x00000000c2b00000)
 Metaspace       used 6541K, capacity 7256K, committed 7424K, reserved 1056768K
  class space    used 609K, capacity 656K, committed 768K, reserved 1048576K
Event: 13.877 GC heap after
Heap after GC invocations=10 (full 1):
 PSYoungGen      total 142848K, used 11182K [0x00000000eab00000, 0x00000000fa180000, 0x0000000100000000)
  eden space 124928K, 0% used [0x00000000eab00000,0x00000000eab00000,0x00000000f2500000)
  from space 17920K, 62% used [0x00000000f2500000,0x00000000f2febb30,0x00000000f3680000)
  to   space 26112K, 0% used [0x00000000f8800000,0x00000000f8800000,0x00000000fa180000)
 ParOldGen       total 44032K, used 43555K [0x00000000c0000000, 0x00000000c2b00000, 0x00000000eab00000)
  object space 44032K, 98% used [0x00000000c0000000,0x00000000c2a88d00,0x00000000c2b00000)
 Metaspace       used 6541K, capacity 7256K, committed 7424K, reserved 1056768K
  class space    used 609K, capacity 656K, committed 768K, reserved 1048576K
}
Event: 16.361 GC heap before
{Heap before GC invocations=11 (full 2):
 PSYoungGen      total 142848K, used 136110K [0x00000000eab00000, 0x00000000fa180000, 0x0000000100000000)
  eden space 124928K, 100% used [0x00000000eab00000,0x00000000f2500000,0x00000000f2500000)
  from space 17920K, 62% used [0x00000000f2500000,0x00000000f2febb30,0x00000000f3680000)
  to   space 26112K, 0% used [0x00000000f8800000,0x00000000f8800000,0x00000000fa180000)
 ParOldGen       total 44032K, used 43555K [0x00000000c0000000, 0x00000000c2b00000, 0x00000000eab00000)
  object space 44032K, 98% used [0x00000000c0000000,0x00000000c2a88d00,0x00000000c2b00000)
 Metaspace       used 6659K, capacity 7320K, committed 7680K, reserved 1056768K
  class space    used 615K, capacity 656K, committed 768K, reserved 1048576K
Event: 18.197 GC heap after
Heap after GC invocations=11 (full 2):
 PSYoungGen      total 142848K, used 28298K [0x00000000eab00000, 0x00000000fa180000, 0x0000000100000000)
  eden space 124928K, 22% used [0x00000000eab00000,0x00000000ec6a2a28,0x00000000f2500000)
  from space 17920K, 0% used [0x00000000f2500000,0x00000000f2500000,0x00000000f3680000)
  to   space 26112K, 0% used [0x00000000f8800000,0x00000000f8800000,0x00000000fa180000)
 ParOldGen       total 102912K, used 43943K [0x00000000c0000000, 0x00000000c6480000, 0x00000000eab00000)
  object space 102912K, 42% used [0x00000000c0000000,0x00000000c2ae9cb8,0x00000000c6480000)
 Metaspace       used 6659K, capacity 7320K, committed 7680K, reserved 1056768K
  class space    used 615K, capacity 656K, committed 768K, reserved 1048576K
}

